{"/Users/elizavetaturova/Desktop/frontend learning/Matchers/src/js/app.js": {"path":"/Users/elizavetaturova/Desktop/frontend learning/Matchers/src/js/app.js","statementMap":{"0":{"start":{"line":2,"column":2},"end":{"line":2,"column":50}},"1":{"start":{"line":2,"column":29},"end":{"line":2,"column":48}}},"fnMap":{"0":{"name":"sorting","decl":{"start":{"line":1,"column":24},"end":{"line":1,"column":31}},"loc":{"start":{"line":1,"column":38},"end":{"line":3,"column":1}},"line":1},"1":{"name":"(anonymous_1)","decl":{"start":{"line":2,"column":19},"end":{"line":2,"column":20}},"loc":{"start":{"line":2,"column":29},"end":{"line":2,"column":48}},"line":2}},"branchMap":{},"s":{"0":1,"1":4},"f":{"0":1,"1":4},"b":{},"_coverageSchema":"1a1c01bbd47fc00a2c39e90264f33305004495a9","hash":"144c06bc09ec0b74302413fc505ec3e178387937"}
}
